<?xml version="1.0" encoding="UTF-8"?>
<testsuite xmlns:xsi="http://www.w3.org/2001/XMLSchema-instance" xsi:noNamespaceSchemaLocation="https://maven.apache.org/surefire/maven-surefire-plugin/xsd/surefire-test-report.xsd" name="runner.SignUpTest" time="28.179" tests="15" errors="0" skipped="0" failures="0">
  <properties>
[...]
</properties>
  <testcase name="Given I am a user on the landing page" classname="Scenario: Book a trip successfully" time="0.001"/>
  <testcase name="When I provide my credentials as follows" classname="Scenario: Book a trip successfully" time="0"/>
  <testcase name="And decide to sign in" classname="Scenario: Book a trip successfully" time="0"/>
  <testcase name="And provide flight details" classname="Scenario: Book a trip successfully" time="0"/>
  <testcase name="And provide preferences" classname="Scenario: Book a trip successfully" time="0"/>
  <testcase name="And press continue" classname="Scenario: Book a trip successfully" time="0"/>
  <testcase name="And press continue" classname="Scenario: Book a trip successfully" time="0"/>
  <testcase name="And press continue" classname="Scenario: Book a trip successfully" time="0"/>
  <testcase name="And select a flight randomly" classname="Scenario: Book a trip successfully" time="0"/>
  <testcase name="And provide passengers info" classname="Scenario: Book a trip successfully" time="0"/>
  <testcase name="And provide credit card info" classname="Scenario: Book a trip successfully" time="0"/>
  <testcase name="And provide billing address" classname="Scenario: Book a trip successfully" time="0"/>
  <testcase name="And provide delivery address" classname="Scenario: Book a trip successfully" time="0"/>
  <testcase name="Then I should get a result" classname="Scenario: Book a trip successfully" time="0"/>
  <testcase name="Scenario: Book a trip successfully" classname="Scenario: Book a trip successfully" time="0"/>
</testsuite>